<?xml version="1.0" encoding="UTF-8"?>
<!-- Generated by org.testng.reporters.JUnitReportReporter -->
<testsuite hostname="C100-4" failures="0" tests="1" name="tests.TenantRegistrationTest" time="64.044" errors="0" timestamp="2025-05-26T18:05:15 IST" skipped="0">
  <testcase classname="tests.TenantRegistrationTest" name="createNewTenant" time="64.044"/>
  <system-out/>
</testsuite> <!-- tests.TenantRegistrationTest -->
