<?xml version="1.0" encoding="UTF-8"?>
<!-- Generated by org.testng.reporters.JUnitReportReporter -->
<testsuite hostname="C100-4" failures="0" tests="1" name="tests.LoginAddVendorTest" time="109.257" errors="0" timestamp="2025-06-10T10:45:02 IST" skipped="0">
  <testcase classname="tests.LoginAddVendorTest" name="loginAddVednor" time="109.257"/>
  <system-out/>
</testsuite> <!-- tests.LoginAddVendorTest -->
