<?xml version="1.0" encoding="UTF-8"?>
<!-- Generated by org.testng.reporters.JUnitReportReporter -->
<testsuite hostname="C100-4" failures="0" tests="1" name="tests.DefaultAssessmentTest" time="270.200" errors="0" timestamp="2025-05-29T15:46:11 IST" skipped="0">
  <testcase classname="tests.DefaultAssessmentTest" name="performDefaultAssessment" time="270.200"/>
  <system-out/>
</testsuite> <!-- tests.DefaultAssessmentTest -->
