<?xml version="1.0" encoding="UTF-8"?>
<!-- Generated by org.testng.reporters.JUnitReportReporter -->
<testsuite hostname="C100-4" failures="0" tests="1" name="tests.DefaultAssessmentTest" time="75.720" errors="0" timestamp="2025-06-05T14:48:56 IST" skipped="0">
  <testcase classname="tests.DefaultAssessmentTest" name="performDefaultAssessment" time="75.720"/>
  <system-out/>
</testsuite> <!-- tests.DefaultAssessmentTest -->
