<?xml version="1.0" encoding="UTF-8"?>
<!-- Generated by org.testng.reporters.JUnitReportReporter -->
<testsuite hostname="C100-4" failures="0" tests="1" name="tests.DefaultAssessmentTest" time="284.967" errors="0" timestamp="2025-05-30T15:58:27 IST" skipped="0">
  <testcase classname="tests.DefaultAssessmentTest" name="performDefaultAssessment" time="284.967"/>
  <system-out/>
</testsuite> <!-- tests.DefaultAssessmentTest -->
