<?xml version="1.0" encoding="UTF-8"?>
<!-- Generated by org.testng.reporters.JUnitReportReporter -->
<testsuite hostname="C100-4" failures="0" tests="1" name="tests.AssessmentTest" time="72.034" errors="0" timestamp="2025-06-09T11:56:29 IST" skipped="0">
  <testcase classname="tests.AssessmentTest" name="assessmentTest" time="72.034"/>
  <system-out/>
</testsuite> <!-- tests.AssessmentTest -->
