<?xml version="1.0" encoding="UTF-8"?>
<!-- Generated by org.testng.reporters.JUnitReportReporter -->
<testsuite hostname="C100-4" failures="0" tests="1" name="tests.DefaultAssessmentTest" time="191.794" errors="0" timestamp="2025-06-13T18:19:40 IST" skipped="0">
  <testcase classname="tests.DefaultAssessmentTest" name="performDefaultAssessment" time="191.794"/>
  <system-out/>
</testsuite> <!-- tests.DefaultAssessmentTest -->
