<?xml version="1.0" encoding="UTF-8"?>
<!-- Generated by org.testng.reporters.JUnitReportReporter -->
<testsuite hostname="C100-4" failures="0" tests="1" name="tests.LoginPageTest" time="35.194" errors="0" timestamp="2025-05-22T10:01:57 IST" skipped="0">
  <testcase classname="tests.LoginPageTest" name="loginAddVednor" time="35.194"/>
  <system-out/>
</testsuite> <!-- tests.LoginPageTest -->
