<?xml version="1.0" encoding="UTF-8"?>
<!-- Generated by org.testng.reporters.JUnitReportReporter -->
<testsuite hostname="C100-4" failures="0" tests="1" name="tests.LoginAddVendorTest" time="95.185" errors="0" timestamp="2025-06-04T10:43:38 IST" skipped="0">
  <testcase classname="tests.LoginAddVendorTest" name="loginAddVednor" time="95.185"/>
  <system-out/>
</testsuite> <!-- tests.LoginAddVendorTest -->
