<?xml version="1.0" encoding="UTF-8"?>
<!-- Generated by org.testng.reporters.JUnitReportReporter -->
<testsuite hostname="C100-4" failures="0" tests="1" name="tests.LoginAddVendorTest" time="93.221" errors="0" timestamp="2025-05-27T14:50:11 IST" skipped="0">
  <testcase classname="tests.LoginAddVendorTest" name="loginAddVednor" time="93.221"/>
  <system-out/>
</testsuite> <!-- tests.LoginAddVendorTest -->
