<?xml version="1.0" encoding="UTF-8"?>
<!-- Generated by org.testng.reporters.JUnitReportReporter -->
<testsuite hostname="C100-4" failures="0" tests="1" name="tests.LoginAddVendorTest" time="107.471" errors="0" timestamp="2025-05-30T18:12:22 IST" skipped="0">
  <testcase classname="tests.LoginAddVendorTest" name="loginAddVednor" time="107.471"/>
  <system-out/>
</testsuite> <!-- tests.LoginAddVendorTest -->
