<?xml version="1.0" encoding="UTF-8"?>
<!-- Generated by org.testng.reporters.JUnitReportReporter -->
<testsuite hostname="C100-4" failures="0" tests="1" name="tests.LoginAddVendorTest" time="124.531" errors="0" timestamp="2025-06-06T16:40:51 IST" skipped="0">
  <testcase classname="tests.LoginAddVendorTest" name="loginAddVednor" time="124.531"/>
  <system-out/>
</testsuite> <!-- tests.LoginAddVendorTest -->
