<?xml version="1.0" encoding="UTF-8"?>
<!-- Generated by org.testng.reporters.JUnitReportReporter -->
<testsuite hostname="C100-4" failures="0" tests="1" name="tests.LoginAddVendorTest" time="113.773" errors="0" timestamp="2025-06-04T17:07:06 IST" skipped="0">
  <testcase classname="tests.LoginAddVendorTest" name="loginAddVednor" time="113.773"/>
  <system-out/>
</testsuite> <!-- tests.LoginAddVendorTest -->
