<?xml version="1.0" encoding="UTF-8"?>
<!-- Generated by org.testng.reporters.JUnitReportReporter -->
<testsuite hostname="C100-4" failures="0" tests="1" name="tests.TenantRegistrationTest" time="140.337" errors="0" timestamp="2025-05-30T12:03:00 IST" skipped="0">
  <testcase classname="tests.TenantRegistrationTest" name="createNewTenant" time="140.337"/>
  <system-out/>
</testsuite> <!-- tests.TenantRegistrationTest -->
